Starting a Gradle Daemon, 1 incompatible Daemon could not be reused, use --status for details
> Task :app:preBuild UP-TO-DATE
> Task :app:preDebugBuild UP-TO-DATE
> Task :app:mergeDebugNativeDebugMetadata NO-SOURCE
> Task :app:checkKotlinGradlePluginConfigurationErrors
> Task :app:checkDebugAarMetadata UP-TO-DATE
> Task :app:generateDebugResValues UP-TO-DATE
> Task :app:mapDebugSourceSetPaths UP-TO-DATE
> Task :app:generateDebugResources UP-TO-DATE
> Task :app:mergeDebugResources UP-TO-DATE
> Task :app:packageDebugResources UP-TO-DATE
> Task :app:parseDebugLocalResources UP-TO-DATE
> Task :app:createDebugCompatibleScreenManifests UP-TO-DATE
> Task :app:extractDeepLinksDebug UP-TO-DATE
> Task :app:processDebugMainManifest
> Task :app:processDebugManifest
> Task :app:javaPreCompileDebug UP-TO-DATE
> Task :app:mergeDebugShaders UP-TO-DATE
> Task :app:compileDebugShaders NO-SOURCE
> Task :app:generateDebugAssets UP-TO-DATE
> Task :app:mergeDebugAssets UP-TO-DATE
> Task :app:compressDebugAssets UP-TO-DATE
> Task :app:checkDebugDuplicateClasses UP-TO-DATE
> Task :app:desugarDebugFileDependencies UP-TO-DATE
> Task :app:mergeExtDexDebug UP-TO-DATE
> Task :app:mergeLibDexDebug UP-TO-DATE
> Task :app:mergeDebugJniLibFolders UP-TO-DATE
> Task :app:mergeDebugNativeLibs NO-SOURCE
> Task :app:stripDebugDebugSymbols NO-SOURCE
> Task :app:validateSigningDebug UP-TO-DATE
> Task :app:writeDebugAppMetadata UP-TO-DATE
> Task :app:writeDebugSigningConfigVersions UP-TO-DATE
> Task :app:processDebugManifestForPackage
> Task :app:processDebugResources
> Task :app:kspDebugKotlin

> Task :app:compileDebugKotlin FAILED
e: file:///C:/Users/administrator/Documents/projects/agua4/app/src/main/java/com/example/base/SettingsActivity.kt:76:9 Unresolved reference: btnSave
e: file:///C:/Users/administrator/Documents/projects/agua4/app/src/main/java/com/example/base/SettingsActivity.kt:76:19 Not enough information to infer type variable T
e: file:///C:/Users/administrator/Documents/projects/agua4/app/src/main/java/com/example/base/SettingsActivity.kt:84:9 Unresolved reference: btnSave
e: file:///C:/Users/administrator/Documents/projects/agua4/app/src/main/java/com/example/base/SettingsActivity.kt:133:21 Unresolved reference: selectedBirthDate
e: file:///C:/Users/administrator/Documents/projects/agua4/app/src/main/java/com/example/base/SettingsActivity.kt:134:25 Unresolved reference: selectedBirthDate
e: file:///C:/Users/administrator/Documents/projects/agua4/app/src/main/java/com/example/base/SettingsActivity.kt:136:56 Unresolved reference: selectedBirthDate
e: file:///C:/Users/administrator/Documents/projects/agua4/app/src/main/java/com/example/base/SettingsActivity.kt:140:21 Unresolved reference: selectedStartTime
e: file:///C:/Users/administrator/Documents/projects/agua4/app/src/main/java/com/example/base/SettingsActivity.kt:141:21 Unresolved reference: selectedEndTime
e: file:///C:/Users/administrator/Documents/projects/agua4/app/src/main/java/com/example/base/SettingsActivity.kt:142:41 Unresolved reference: selectedStartTime
e: file:///C:/Users/administrator/Documents/projects/agua4/app/src/main/java/com/example/base/SettingsActivity.kt:143:39 Unresolved reference: selectedEndTime
e: file:///C:/Users/administrator/Documents/projects/agua4/app/src/main/java/com/example/base/SettingsActivity.kt:154:13 Unresolved reference: selectedBirthDate
e: file:///C:/Users/administrator/Documents/projects/agua4/app/src/main/java/com/example/base/SettingsActivity.kt:155:37 Unresolved reference: selectedBirthDate
e: file:///C:/Users/administrator/Documents/projects/agua4/app/src/main/java/com/example/base/SettingsActivity.kt:163:17 Unresolved reference: selectedBirthDate
e: file:///C:/Users/administrator/Documents/projects/agua4/app/src/main/java/com/example/base/SettingsActivity.kt:177:40 Unresolved reference: selectedStartTime
e: file:///C:/Users/administrator/Documents/projects/agua4/app/src/main/java/com/example/base/SettingsActivity.kt:177:63 Unresolved reference: selectedEndTime
e: file:///C:/Users/administrator/Documents/projects/agua4/app/src/main/java/com/example/base/SettingsActivity.kt:187:21 Unresolved reference: selectedStartTime
e: file:///C:/Users/administrator/Documents/projects/agua4/app/src/main/java/com/example/base/SettingsActivity.kt:190:21 Unresolved reference: selectedEndTime
e: file:///C:/Users/administrator/Documents/projects/agua4/app/src/main/java/com/example/base/SettingsActivity.kt:204:27 Unresolved reference: selectedBirthDate
e: file:///C:/Users/administrator/Documents/projects/agua4/app/src/main/java/com/example/base/SettingsActivity.kt:205:36 Unresolved reference: selectedBirthDate
e: file:///C:/Users/administrator/Documents/projects/agua4/app/src/main/java/com/example/base/SettingsActivity.kt:246:54 Unresolved reference: selectedBirthDate
e: file:///C:/Users/administrator/Documents/projects/agua4/app/src/main/java/com/example/base/SettingsActivity.kt:257:32 Unresolved reference: selectedBirthDate
e: file:///C:/Users/administrator/Documents/projects/agua4/app/src/main/java/com/example/base/SettingsActivity.kt:265:29 Unresolved reference: selectedBirthDate
e: file:///C:/Users/administrator/Documents/projects/agua4/app/src/main/java/com/example/base/SettingsActivity.kt:266:30 Unresolved reference: selectedStartTime
e: file:///C:/Users/administrator/Documents/projects/agua4/app/src/main/java/com/example/base/SettingsActivity.kt:267:29 Unresolved reference: selectedEndTime

FAILURE: Build failed with an exception.

* What went wrong:
Execution failed for task ':app:compileDebugKotlin'.
> A failure occurred while executing org.jetbrains.kotlin.compilerRunner.GradleCompilerRunnerWithWorkers$GradleKotlinCompilerWorkAction
   > Compilation error. See log for more details

* Try:
> Run with --stacktrace option to get the stack trace.
> Run with --info or --debug option to get more log output.
> Run with --scan to get full insights.
> Get more help at https://help.gradle.org.

BUILD FAILED in 1m 7s
27 actionable tasks: 7 executed, 20 up-to-date
